<?xml version="1.0" encoding="UTF-8"?>
<testng-results skipped="0" failed="0" ignored="0" total="2" passed="2">
  <reporter-output>
  </reporter-output>
  <suite name="Suite" duration-ms="9972" started-at="2021-02-24T09:26:48Z" finished-at="2021-02-24T09:26:58Z">
    <groups>
    </groups>
    <test name="Test" duration-ms="9972" started-at="2021-02-24T09:26:48Z" finished-at="2021-02-24T09:26:58Z">
      <class name="Github.Maven.AppTest">
        <test-method status="PASS" signature="testApp()[pri:0, instance:Github.Maven.AppTest@12f41634]" name="testApp" duration-ms="7" started-at="2021-02-24T09:26:48Z" finished-at="2021-02-24T09:26:48Z">
          <reporter-output>
          </reporter-output>
        </test-method> <!-- testApp -->
      </class> <!-- Github.Maven.AppTest -->
      <class name="test.Testcase1">
        <test-method status="PASS" signature="LaunchBrowser()[pri:0, instance:test.Testcase1@13c27452]" name="LaunchBrowser" is-config="true" duration-ms="3901" started-at="2021-02-24T09:26:48Z" finished-at="2021-02-24T09:26:52Z">
          <reporter-output>
          </reporter-output>
        </test-method> <!-- LaunchBrowser -->
        <test-method status="PASS" signature="LoginTest()[pri:0, instance:test.Testcase1@13c27452]" name="LoginTest" duration-ms="5976" started-at="2021-02-24T09:26:52Z" finished-at="2021-02-24T09:26:58Z">
          <reporter-output>
          </reporter-output>
        </test-method> <!-- LoginTest -->
        <test-method status="PASS" signature="CloseBrowser()[pri:0, instance:test.Testcase1@13c27452]" name="CloseBrowser" is-config="true" duration-ms="68" started-at="2021-02-24T09:26:58Z" finished-at="2021-02-24T09:26:58Z">
          <reporter-output>
          </reporter-output>
        </test-method> <!-- CloseBrowser -->
      </class> <!-- test.Testcase1 -->
    </test> <!-- Test -->
  </suite> <!-- Suite -->
</testng-results>
