<?xml version="1.0" encoding="UTF-8"?>
<testng-results skipped="0" failed="0" ignored="0" total="1" passed="1">
  <reporter-output>
  </reporter-output>
  <suite name="Default suite" duration-ms="9616" started-at="2021-02-24T09:29:40Z" finished-at="2021-02-24T09:29:49Z">
    <groups>
    </groups>
    <test name="Default test" duration-ms="9616" started-at="2021-02-24T09:29:40Z" finished-at="2021-02-24T09:29:49Z">
      <class name="test.Testcase1">
        <test-method status="PASS" signature="LaunchBrowser()[pri:0, instance:test.Testcase1@4c762604]" name="LaunchBrowser" is-config="true" duration-ms="4021" started-at="2021-02-24T09:29:40Z" finished-at="2021-02-24T09:29:44Z">
          <reporter-output>
          </reporter-output>
        </test-method> <!-- LaunchBrowser -->
        <test-method status="PASS" signature="LoginTest()[pri:0, instance:test.Testcase1@4c762604]" name="LoginTest" duration-ms="5508" started-at="2021-02-24T09:29:44Z" finished-at="2021-02-24T09:29:49Z">
          <reporter-output>
          </reporter-output>
        </test-method> <!-- LoginTest -->
        <test-method status="PASS" signature="CloseBrowser()[pri:0, instance:test.Testcase1@4c762604]" name="CloseBrowser" is-config="true" duration-ms="68" started-at="2021-02-24T09:29:49Z" finished-at="2021-02-24T09:29:49Z">
          <reporter-output>
          </reporter-output>
        </test-method> <!-- CloseBrowser -->
      </class> <!-- test.Testcase1 -->
    </test> <!-- Default test -->
  </suite> <!-- Default suite -->
</testng-results>
